# JRE version: OpenJDK Runtime Environment Temurin-17.0.4.1+1 (17.0.4.1+1) (build 17.0.4.1+1)
# Java VM: OpenJDK 64-Bit Server VM Temurin-17.0.4.1+1 (17.0.4.1+1, mixed mode, tiered, compressed oops, compressed class ptrs, parallel gc, windows-amd64)
GC Precious Log:
 CPUs: 8 total, 8 available
 Memory: 15970M
 Large Page Support: Disabled
 NUMA Support: Disabled
 Compressed Oops: Enabled (32-bit)
 Alignments: Space 512K, Generation 512K, Heap 2M
 Heap Min Capacity: 100M
 Heap Initial Capacity: 100M
 Heap Max Capacity: 1G
 Pre-touch: Disabled
 Parallel Workers: 8
Heap:
 PSYoungGen      total 19968K, used 6635K [0x00000000eab00000, 0x00000000ec580000, 0x0000000100000000)
  eden space 17920K, 25% used [0x00000000eab00000,0x00000000eaf7c7b8,0x00000000ebc80000)
  from space 2048K, 99% used [0x00000000ebc80000,0x00000000ebe7e668,0x00000000ebe80000)
  to   space 4608K, 0% used [0x00000000ec100000,0x00000000ec100000,0x00000000ec580000)
 ParOldGen       total 68608K, used 40247K [0x00000000c0000000, 0x00000000c4300000, 0x00000000eab00000)
  object space 68608K, 58% used [0x00000000c0000000,0x00000000c274dc98,0x00000000c4300000)
 Metaspace       used 58437K, committed 59520K, reserved 1105920K
  class space    used 6127K, committed 6592K, reserved 1048576K
GC Heap History (20 events):
Event: 13.225 GC heap before
{Heap before GC invocations=25 (full 2):
 PSYoungGen      total 19456K, used 19167K [0x00000000eab00000, 0x00000000ec100000, 0x0000000100000000)
  eden space 18944K, 99% used [0x00000000eab00000,0x00000000ebd7ff60,0x00000000ebd80000)
  from space 512K, 43% used [0x00000000ec080000,0x00000000ec0b8000,0x00000000ec100000)
  to   space 512K, 0% used [0x00000000ec000000,0x00000000ec000000,0x00000000ec080000)
 ParOldGen       total 68608K, used 31530K [0x00000000c0000000, 0x00000000c4300000, 0x00000000eab00000)
  object space 68608K, 45% used [0x00000000c0000000,0x00000000c1eca970,0x00000000c4300000)
 Metaspace       used 47648K, committed 48640K, reserved 1097728K
  class space    used 5112K, committed 5568K, reserved 1048576K
}
Event: 13.227 GC heap after
{Heap after GC invocations=25 (full 2):
 PSYoungGen      total 19456K, used 512K [0x00000000eab00000, 0x00000000ec100000, 0x0000000100000000)
  eden space 18944K, 0% used [0x00000000eab00000,0x00000000eab00000,0x00000000ebd80000)
  from space 512K, 100% used [0x00000000ec000000,0x00000000ec080000,0x00000000ec080000)
  to   space 512K, 0% used [0x00000000ec080000,0x00000000ec080000,0x00000000ec100000)
 ParOldGen       total 68608K, used 31642K [0x00000000c0000000, 0x00000000c4300000, 0x00000000eab00000)
  object space 68608K, 46% used [0x00000000c0000000,0x00000000c1ee6970,0x00000000c4300000)
 Metaspace       used 47648K, committed 48640K, reserved 1097728K
  class space    used 5112K, committed 5568K, reserved 1048576K
}
Event: 13.374 GC heap before
{Heap before GC invocations=26 (full 2):
 PSYoungGen      total 19456K, used 19456K [0x00000000eab00000, 0x00000000ec100000, 0x0000000100000000)
  eden space 18944K, 100% used [0x00000000eab00000,0x00000000ebd80000,0x00000000ebd80000)
  from space 512K, 100% used [0x00000000ec000000,0x00000000ec080000,0x00000000ec080000)
  to   space 512K, 0% used [0x00000000ec080000,0x00000000ec080000,0x00000000ec100000)
 ParOldGen       total 68608K, used 31642K [0x00000000c0000000, 0x00000000c4300000, 0x00000000eab00000)
  object space 68608K, 46% used [0x00000000c0000000,0x00000000c1ee6970,0x00000000c4300000)
 Metaspace       used 47915K, committed 48960K, reserved 1097728K
  class space    used 5135K, committed 5568K, reserved 1048576K
}
Event: 13.376 GC heap after
{Heap after GC invocations=26 (full 2):
 PSYoungGen      total 19456K, used 505K [0x00000000eab00000, 0x00000000ec100000, 0x0000000100000000)
  eden space 18944K, 0% used [0x00000000eab00000,0x00000000eab00000,0x00000000ebd80000)
  from space 512K, 98% used [0x00000000ec080000,0x00000000ec0fe470,0x00000000ec100000)
  to   space 1536K, 0% used [0x00000000ebe00000,0x00000000ebe00000,0x00000000ebf80000)
 ParOldGen       total 68608K, used 32366K [0x00000000c0000000, 0x00000000c4300000, 0x00000000eab00000)
  object space 68608K, 47% used [0x00000000c0000000,0x00000000c1f9bba8,0x00000000c4300000)
 Metaspace       used 47915K, committed 48960K, reserved 1097728K
  class space    used 5135K, committed 5568K, reserved 1048576K
}
Event: 13.619 GC heap before
{Heap before GC invocations=27 (full 2):
 PSYoungGen      total 19456K, used 19449K [0x00000000eab00000, 0x00000000ec100000, 0x0000000100000000)
  eden space 18944K, 100% used [0x00000000eab00000,0x00000000ebd80000,0x00000000ebd80000)
  from space 512K, 98% used [0x00000000ec080000,0x00000000ec0fe470,0x00000000ec100000)
  to   space 1536K, 0% used [0x00000000ebe00000,0x00000000ebe00000,0x00000000ebf80000)
 ParOldGen       total 68608K, used 32366K [0x00000000c0000000, 0x00000000c4300000, 0x00000000eab00000)
  object space 68608K, 47% used [0x00000000c0000000,0x00000000c1f9bba8,0x00000000c4300000)
 Metaspace       used 50031K, committed 51008K, reserved 1097728K
  class space    used 5347K, committed 5760K, reserved 1048576K
}
Event: 13.620 GC heap after
{Heap after GC invocations=27 (full 2):
 PSYoungGen      total 20480K, used 1062K [0x00000000eab00000, 0x00000000ec100000, 0x0000000100000000)
  eden space 18944K, 0% used [0x00000000eab00000,0x00000000eab00000,0x00000000ebd80000)
  from space 1536K, 69% used [0x00000000ebe00000,0x00000000ebf09ab0,0x00000000ebf80000)
  to   space 1536K, 0% used [0x00000000ebf80000,0x00000000ebf80000,0x00000000ec100000)
 ParOldGen       total 68608K, used 32864K [0x00000000c0000000, 0x00000000c4300000, 0x00000000eab00000)
  object space 68608K, 47% used [0x00000000c0000000,0x00000000c2018038,0x00000000c4300000)
 Metaspace       used 50031K, committed 51008K, reserved 1097728K
  class space    used 5347K, committed 5760K, reserved 1048576K
}
Event: 13.934 GC heap before
{Heap before GC invocations=28 (full 2):
 PSYoungGen      total 20480K, used 20006K [0x00000000eab00000, 0x00000000ec100000, 0x0000000100000000)
  eden space 18944K, 100% used [0x00000000eab00000,0x00000000ebd80000,0x00000000ebd80000)
  from space 1536K, 69% used [0x00000000ebe00000,0x00000000ebf09ab0,0x00000000ebf80000)
  to   space 1536K, 0% used [0x00000000ebf80000,0x00000000ebf80000,0x00000000ec100000)
 ParOldGen       total 68608K, used 32864K [0x00000000c0000000, 0x00000000c4300000, 0x00000000eab00000)
  object space 68608K, 47% used [0x00000000c0000000,0x00000000c2018038,0x00000000c4300000)
 Metaspace       used 51459K, committed 52480K, reserved 1097728K
  class space    used 5488K, committed 5888K, reserved 1048576K
}
Event: 13.937 GC heap after
{Heap after GC invocations=28 (full 2):
 PSYoungGen      total 20480K, used 1152K [0x00000000eab00000, 0x00000000ec100000, 0x0000000100000000)
  eden space 18944K, 0% used [0x00000000eab00000,0x00000000eab00000,0x00000000ebd80000)
  from space 1536K, 75% used [0x00000000ebf80000,0x00000000ec0a0000,0x00000000ec100000)
  to   space 1536K, 0% used [0x00000000ebe00000,0x00000000ebe00000,0x00000000ebf80000)
 ParOldGen       total 68608K, used 33829K [0x00000000c0000000, 0x00000000c4300000, 0x00000000eab00000)
  object space 68608K, 49% used [0x00000000c0000000,0x00000000c2109600,0x00000000c4300000)
 Metaspace       used 51459K, committed 52480K, reserved 1097728K
  class space    used 5488K, committed 5888K, reserved 1048576K
}
Event: 14.118 GC heap before
{Heap before GC invocations=29 (full 2):
 PSYoungGen      total 20480K, used 20096K [0x00000000eab00000, 0x00000000ec100000, 0x0000000100000000)
  eden space 18944K, 100% used [0x00000000eab00000,0x00000000ebd80000,0x00000000ebd80000)
  from space 1536K, 75% used [0x00000000ebf80000,0x00000000ec0a0000,0x00000000ec100000)
  to   space 1536K, 0% used [0x00000000ebe00000,0x00000000ebe00000,0x00000000ebf80000)
 ParOldGen       total 68608K, used 33829K [0x00000000c0000000, 0x00000000c4300000, 0x00000000eab00000)
  object space 68608K, 49% used [0x00000000c0000000,0x00000000c2109600,0x00000000c4300000)
 Metaspace       used 52005K, committed 53120K, reserved 1097728K
  class space    used 5543K, committed 6016K, reserved 1048576K
}
Event: 14.120 GC heap after
{Heap after GC invocations=29 (full 2):
 PSYoungGen      total 19968K, used 736K [0x00000000eab00000, 0x00000000ec000000, 0x0000000100000000)
  eden space 18944K, 0% used [0x00000000eab00000,0x00000000eab00000,0x00000000ebd80000)
  from space 1024K, 71% used [0x00000000ebe00000,0x00000000ebeb8000,0x00000000ebf00000)
  to   space 1024K, 0% used [0x00000000ebf00000,0x00000000ebf00000,0x00000000ec000000)
 ParOldGen       total 68608K, used 34757K [0x00000000c0000000, 0x00000000c4300000, 0x00000000eab00000)
  object space 68608K, 50% used [0x00000000c0000000,0x00000000c21f1600,0x00000000c4300000)
 Metaspace       used 52005K, committed 53120K, reserved 1097728K
  class space    used 5543K, committed 6016K, reserved 1048576K
}
Event: 14.470 GC heap before
{Heap before GC invocations=30 (full 2):
 PSYoungGen      total 19968K, used 19680K [0x00000000eab00000, 0x00000000ec000000, 0x0000000100000000)
  eden space 18944K, 100% used [0x00000000eab00000,0x00000000ebd80000,0x00000000ebd80000)
  from space 1024K, 71% used [0x00000000ebe00000,0x00000000ebeb8000,0x00000000ebf00000)
  to   space 1024K, 0% used [0x00000000ebf00000,0x00000000ebf00000,0x00000000ec000000)
 ParOldGen       total 68608K, used 34757K [0x00000000c0000000, 0x00000000c4300000, 0x00000000eab00000)
  object space 68608K, 50% used [0x00000000c0000000,0x00000000c21f1600,0x00000000c4300000)
 Metaspace       used 52758K, committed 53760K, reserved 1097728K
  class space    used 5663K, committed 6080K, reserved 1048576K
}
Event: 14.473 GC heap after
{Heap after GC invocations=30 (full 2):
 PSYoungGen      total 19968K, used 656K [0x00000000eab00000, 0x00000000ec000000, 0x0000000100000000)
  eden space 18944K, 0% used [0x00000000eab00000,0x00000000eab00000,0x00000000ebd80000)
  from space 1024K, 64% used [0x00000000ebf00000,0x00000000ebfa4010,0x00000000ec000000)
  to   space 1024K, 0% used [0x00000000ebe00000,0x00000000ebe00000,0x00000000ebf00000)
 ParOldGen       total 68608K, used 35361K [0x00000000c0000000, 0x00000000c4300000, 0x00000000eab00000)
  object space 68608K, 51% used [0x00000000c0000000,0x00000000c2288568,0x00000000c4300000)
 Metaspace       used 52758K, committed 53760K, reserved 1097728K
  class space    used 5663K, committed 6080K, reserved 1048576K
}
Event: 14.873 GC heap before
{Heap before GC invocations=31 (full 2):
 PSYoungGen      total 19968K, used 19600K [0x00000000eab00000, 0x00000000ec000000, 0x0000000100000000)
  eden space 18944K, 100% used [0x00000000eab00000,0x00000000ebd80000,0x00000000ebd80000)
  from space 1024K, 64% used [0x00000000ebf00000,0x00000000ebfa4010,0x00000000ec000000)
  to   space 1024K, 0% used [0x00000000ebe00000,0x00000000ebe00000,0x00000000ebf00000)
 ParOldGen       total 68608K, used 35361K [0x00000000c0000000, 0x00000000c4300000, 0x00000000eab00000)
  object space 68608K, 51% used [0x00000000c0000000,0x00000000c2288568,0x00000000c4300000)
 Metaspace       used 54057K, committed 55104K, reserved 1105920K
  class space    used 5780K, committed 6208K, reserved 1048576K
}
Event: 14.875 GC heap after
{Heap after GC invocations=31 (full 2):
 PSYoungGen      total 19968K, used 1019K [0x00000000eab00000, 0x00000000ec180000, 0x0000000100000000)
  eden space 18944K, 0% used [0x00000000eab00000,0x00000000eab00000,0x00000000ebd80000)
  from space 1024K, 99% used [0x00000000ebe00000,0x00000000ebefeea8,0x00000000ebf00000)
  to   space 2048K, 0% used [0x00000000ebf80000,0x00000000ebf80000,0x00000000ec180000)
 ParOldGen       total 68608K, used 36026K [0x00000000c0000000, 0x00000000c4300000, 0x00000000eab00000)
  object space 68608K, 52% used [0x00000000c0000000,0x00000000c232e9c0,0x00000000c4300000)
 Metaspace       used 54057K, committed 55104K, reserved 1105920K
  class space    used 5780K, committed 6208K, reserved 1048576K
}
Event: 15.074 GC heap before
{Heap before GC invocations=32 (full 2):
 PSYoungGen      total 19968K, used 19963K [0x00000000eab00000, 0x00000000ec180000, 0x0000000100000000)
  eden space 18944K, 100% used [0x00000000eab00000,0x00000000ebd80000,0x00000000ebd80000)
  from space 1024K, 99% used [0x00000000ebe00000,0x00000000ebefeea8,0x00000000ebf00000)
  to   space 2048K, 0% used [0x00000000ebf80000,0x00000000ebf80000,0x00000000ec180000)
 ParOldGen       total 68608K, used 36026K [0x00000000c0000000, 0x00000000c4300000, 0x00000000eab00000)
  object space 68608K, 52% used [0x00000000c0000000,0x00000000c232e9c0,0x00000000c4300000)
 Metaspace       used 54910K, committed 56000K, reserved 1105920K
  class space    used 5833K, committed 6272K, reserved 1048576K
}
Event: 15.076 GC heap after
{Heap after GC invocations=32 (full 2):
 PSYoungGen      total 20480K, used 1985K [0x00000000eab00000, 0x00000000ec280000, 0x0000000100000000)
  eden space 18432K, 0% used [0x00000000eab00000,0x00000000eab00000,0x00000000ebd00000)
  from space 2048K, 96% used [0x00000000ebf80000,0x00000000ec170480,0x00000000ec180000)
  to   space 2560K, 0% used [0x00000000ebd00000,0x00000000ebd00000,0x00000000ebf80000)
 ParOldGen       total 68608K, used 37006K [0x00000000c0000000, 0x00000000c4300000, 0x00000000eab00000)
  object space 68608K, 53% used [0x00000000c0000000,0x00000000c2423868,0x00000000c4300000)
 Metaspace       used 54910K, committed 56000K, reserved 1105920K
  class space    used 5833K, committed 6272K, reserved 1048576K
}
Event: 15.138 GC heap before
{Heap before GC invocations=33 (full 2):
 PSYoungGen      total 20480K, used 20417K [0x00000000eab00000, 0x00000000ec280000, 0x0000000100000000)
  eden space 18432K, 100% used [0x00000000eab00000,0x00000000ebd00000,0x00000000ebd00000)
  from space 2048K, 96% used [0x00000000ebf80000,0x00000000ec170480,0x00000000ec180000)
  to   space 2560K, 0% used [0x00000000ebd00000,0x00000000ebd00000,0x00000000ebf80000)
 ParOldGen       total 68608K, used 37006K [0x00000000c0000000, 0x00000000c4300000, 0x00000000eab00000)
  object space 68608K, 53% used [0x00000000c0000000,0x00000000c2423868,0x00000000c4300000)
 Metaspace       used 54926K, committed 56000K, reserved 1105920K
  class space    used 5833K, committed 6272K, reserved 1048576K
}
Event: 15.140 GC heap after
{Heap after GC invocations=33 (full 2):
 PSYoungGen      total 18944K, used 494K [0x00000000eab00000, 0x00000000ec000000, 0x0000000100000000)
  eden space 18432K, 0% used [0x00000000eab00000,0x00000000eab00000,0x00000000ebd00000)
  from space 512K, 96% used [0x00000000ebd00000,0x00000000ebd7bb08,0x00000000ebd80000)
  to   space 1536K, 0% used [0x00000000ebe80000,0x00000000ebe80000,0x00000000ec000000)
 ParOldGen       total 68608K, used 38337K [0x00000000c0000000, 0x00000000c4300000, 0x00000000eab00000)
  object space 68608K, 55% used [0x00000000c0000000,0x00000000c2570630,0x00000000c4300000)
 Metaspace       used 54926K, committed 56000K, reserved 1105920K
  class space    used 5833K, committed 6272K, reserved 1048576K
}
Event: 15.599 GC heap before
{Heap before GC invocations=34 (full 2):
 PSYoungGen      total 18944K, used 18926K [0x00000000eab00000, 0x00000000ec000000, 0x0000000100000000)
  eden space 18432K, 100% used [0x00000000eab00000,0x00000000ebd00000,0x00000000ebd00000)
  from space 512K, 96% used [0x00000000ebd00000,0x00000000ebd7bb08,0x00000000ebd80000)
  to   space 1536K, 0% used [0x00000000ebe80000,0x00000000ebe80000,0x00000000ec000000)
 ParOldGen       total 68608K, used 38337K [0x00000000c0000000, 0x00000000c4300000, 0x00000000eab00000)
  object space 68608K, 55% used [0x00000000c0000000,0x00000000c2570630,0x00000000c4300000)
 Metaspace       used 57202K, committed 58304K, reserved 1105920K
  class space    used 6042K, committed 6464K, reserved 1048576K
}
Event: 15.601 GC heap after
{Heap after GC invocations=34 (full 2):
 PSYoungGen      total 19456K, used 1535K [0x00000000eab00000, 0x00000000ec100000, 0x0000000100000000)
  eden space 17920K, 0% used [0x00000000eab00000,0x00000000eab00000,0x00000000ebc80000)
  from space 1536K, 99% used [0x00000000ebe80000,0x00000000ebfffc28,0x00000000ec000000)
  to   space 2048K, 0% used [0x00000000ebc80000,0x00000000ebc80000,0x00000000ebe80000)
 ParOldGen       total 68608K, used 38393K [0x00000000c0000000, 0x00000000c4300000, 0x00000000eab00000)
  object space 68608K, 55% used [0x00000000c0000000,0x00000000c257e550,0x00000000c4300000)
 Metaspace       used 57202K, committed 58304K, reserved 1105920K
  class space    used 6042K, committed 6464K, reserved 1048576K
}

